2024-03-18 19:34:55,687 [1] INFO ChildrenContest.Program - Hello logging world!
2024-03-18 19:41:14,331 [1] INFO ChildrenContest.Program - Hello logging world!
2024-03-18 19:42:27,228 [1] INFO ChildrenContest.Program - Hello logging world!
2024-03-18 19:44:34,023 [1] INFO ChildrenContest.Program - Hello logging world!
2024-03-18 20:08:59,958 [1] INFO ChildrenContest.Program - Hello logging world!
2024-03-18 20:11:04,309 [1] INFO ChildrenContest.Program - Hello logging world!
2024-03-18 20:11:05,954 [1] INFO ChildrenContest.repository.database.ChallengeDBRepository - adding challenge {} ChildrenContest.domain.Challenge
2024-03-18 20:11:05,972 [1] ERROR ChildrenContest.repository.database.ChallengeDBRepository - code = Error (1), message = System.Data.SQLite.SQLiteException (0x87AF001F): SQL logic error
table challenges has no column named numberOfParticipant
   at System.Data.SQLite.SQLite3.Prepare(SQLiteConnection cnn, SQLiteCommand command, String strSql, SQLiteStatement previous, UInt32 timeoutMS, String& strRemain)
   at System.Data.SQLite.SQLiteCommand.BuildNextCommand()
   at System.Data.SQLite.SQLiteCommand.GetStatement(Int32 index)
   at System.Data.SQLite.SQLiteDataReader.NextResult()
   at System.Data.SQLite.SQLiteDataReader..ctor(SQLiteCommand cmd, CommandBehavior behave)
   at System.Data.SQLite.SQLiteCommand.ExecuteReader(CommandBehavior behavior)
   at System.Data.SQLite.SQLiteCommand.ExecuteNonQuery(CommandBehavior behavior)
   at System.Data.SQLite.SQLiteCommand.ExecuteNonQuery()
   at ChildrenContest.repository.database.ChallengeDBRepository.Add(Challenge elem) in C:\Users\bmcmi\source\repos\mpp-proiect-csharp-bucilamihai\ChildrenContest\repository\database\ChallengeDBRepository.cs:line 34
2024-03-18 20:11:22,137 [1] INFO ChildrenContest.Program - Hello logging world!
2024-03-18 20:11:24,727 [1] INFO ChildrenContest.repository.database.ChallengeDBRepository - adding challenge {} ChildrenContest.domain.Challenge
2024-03-18 20:11:24,767 [1] INFO ChildrenContest.repository.database.ChallengeDBRepository - added {} instances1
2024-03-18 20:12:26,707 [1] INFO ChildrenContest.Program - Hello logging world!
2024-03-18 20:12:27,590 [1] INFO ChildrenContest.repository.database.ChallengeDBRepository - $adding challenge {elem} 
2024-03-18 20:12:27,639 [1] INFO ChildrenContest.repository.database.ChallengeDBRepository - $added {result} instances
2024-03-18 20:12:45,078 [1] INFO ChildrenContest.Program - Hello logging world!
2024-03-18 20:12:47,065 [1] INFO ChildrenContest.repository.database.ChallengeDBRepository - adding challenge ChildrenContest.domain.Challenge 
2024-03-18 20:12:47,101 [1] INFO ChildrenContest.repository.database.ChallengeDBRepository - added 1 instances
2024-03-18 20:27:13,661 [1] INFO ChildrenContest.Program - Hello logging world!
2024-03-18 20:27:15,297 [1] INFO ChildrenContest.repository.database.ChallengeDBRepository - adding challenge ChildrenContest.domain.Challenge 
2024-03-18 20:27:15,335 [1] INFO ChildrenContest.repository.database.ChallengeDBRepository - added 1 instances
2024-03-18 20:34:25,620 [1] INFO ChildrenContest.Program - Hello logging world!
2024-03-18 20:34:26,728 [1] INFO ChildrenContest.repository.database.ChallengeDBRepository - finding all challenges
2024-03-18 20:34:39,780 [1] INFO ChildrenContest.Program - Hello logging world!
2024-03-18 20:34:40,246 [1] INFO ChildrenContest.repository.database.ChallengeDBRepository - finding all challenges
2024-03-18 20:39:40,938 [1] INFO ChildrenContest.Program - Hello logging world!
2024-03-18 20:39:41,705 [1] INFO ChildrenContest.repository.database.ChallengeDBRepository - finding all challenges
2024-03-18 20:39:41,724 [1] INFO ChildrenContest.repository.database.ChallengeDBRepository - 4 challenges found
2024-03-18 20:39:41,725 [1] INFO ChildrenContest.repository.database.ChallengeDBRepository - finding challenge by id 2
2024-03-18 20:39:41,730 [1] ERROR ChildrenContest.repository.database.ChallengeDBRepository - code = 65535 (65535), message = System.Data.SQLite.SQLiteException (0x80004005): unknown error
Insufficient parameters supplied to the command
   at System.Data.SQLite.SQLiteStatement.BindParameter(Int32 index, SQLiteParameter param)
   at System.Data.SQLite.SQLiteStatement.BindParameters()
   at System.Data.SQLite.SQLiteCommand.BuildNextCommand()
   at System.Data.SQLite.SQLiteCommand.GetStatement(Int32 index)
   at System.Data.SQLite.SQLiteDataReader.NextResult()
   at System.Data.SQLite.SQLiteDataReader..ctor(SQLiteCommand cmd, CommandBehavior behave)
   at System.Data.SQLite.SQLiteCommand.ExecuteReader(CommandBehavior behavior)
   at System.Data.SQLite.SQLiteCommand.ExecuteReader()
   at ChildrenContest.repository.database.ChallengeDBRepository.FindById(Int64 id) in C:\Users\bmcmi\source\repos\mpp-proiect-csharp-bucilamihai\ChildrenContest\repository\database\ChallengeDBRepository.cs:line 110
2024-03-18 20:39:41,779 [1] INFO ChildrenContest.repository.database.ChallengeDBRepository - challenge not found
2024-03-18 20:49:38,461 [1] INFO ChildrenContest.Program - Hello logging world!
2024-03-18 20:49:39,741 [1] INFO ChildrenContest.repository.database.ChallengeDBRepository - finding all challenges
2024-03-18 20:49:39,767 [1] INFO ChildrenContest.repository.database.ChallengeDBRepository - 4 challenges found
2024-03-18 20:49:39,770 [1] INFO ChildrenContest.repository.database.ChallengeDBRepository - finding challenge by id 2
2024-03-18 20:49:39,776 [1] INFO ChildrenContest.repository.database.ChallengeDBRepository - challenge with id 2 found
2024-03-18 20:49:39,777 [1] INFO ChildrenContest.repository.database.ChallengeDBRepository - finding challenge by id 2
2024-03-18 20:49:39,777 [1] INFO ChildrenContest.repository.database.ChallengeDBRepository - challenge with id 2 found
2024-03-18 20:49:39,778 [1] INFO ChildrenContest.repository.database.ChallengeDBRepository - deleting challenge ChildrenContest.domain.Challenge 
2024-03-18 20:49:39,781 [1] ERROR ChildrenContest.repository.database.ChallengeDBRepository - code = Error (1), message = System.Data.SQLite.SQLiteException (0x87AF001F): SQL logic error
near "challenge": syntax error
   at System.Data.SQLite.SQLite3.Prepare(SQLiteConnection cnn, SQLiteCommand command, String strSql, SQLiteStatement previous, UInt32 timeoutMS, String& strRemain)
   at System.Data.SQLite.SQLiteCommand.BuildNextCommand()
   at System.Data.SQLite.SQLiteCommand.GetStatement(Int32 index)
   at System.Data.SQLite.SQLiteDataReader.NextResult()
   at System.Data.SQLite.SQLiteDataReader..ctor(SQLiteCommand cmd, CommandBehavior behave)
   at System.Data.SQLite.SQLiteCommand.ExecuteReader(CommandBehavior behavior)
   at System.Data.SQLite.SQLiteCommand.ExecuteNonQuery(CommandBehavior behavior)
   at System.Data.SQLite.SQLiteCommand.ExecuteNonQuery()
   at ChildrenContest.repository.database.ChallengeDBRepository.Delete(Challenge elem) in C:\Users\bmcmi\source\repos\mpp-proiect-csharp-bucilamihai\ChildrenContest\repository\database\ChallengeDBRepository.cs:line 55
2024-03-18 20:49:39,807 [1] INFO ChildrenContest.repository.database.ChallengeDBRepository - finding all challenges
2024-03-18 20:49:39,807 [1] INFO ChildrenContest.repository.database.ChallengeDBRepository - 4 challenges found
2024-03-18 20:49:39,808 [1] INFO ChildrenContest.repository.database.ChallengeDBRepository - updating challenge ChildrenContest.domain.Challenge 
2024-03-18 20:49:39,809 [1] ERROR ChildrenContest.repository.database.ChallengeDBRepository - code = Error (1), message = System.Data.SQLite.SQLiteException (0x87AF001F): SQL logic error
no such table: challenge
   at System.Data.SQLite.SQLite3.Prepare(SQLiteConnection cnn, SQLiteCommand command, String strSql, SQLiteStatement previous, UInt32 timeoutMS, String& strRemain)
   at System.Data.SQLite.SQLiteCommand.BuildNextCommand()
   at System.Data.SQLite.SQLiteCommand.GetStatement(Int32 index)
   at System.Data.SQLite.SQLiteDataReader.NextResult()
   at System.Data.SQLite.SQLiteDataReader..ctor(SQLiteCommand cmd, CommandBehavior behave)
   at System.Data.SQLite.SQLiteCommand.ExecuteReader(CommandBehavior behavior)
   at System.Data.SQLite.SQLiteCommand.ExecuteNonQuery(CommandBehavior behavior)
   at System.Data.SQLite.SQLiteCommand.ExecuteNonQuery()
   at ChildrenContest.repository.database.ChallengeDBRepository.Update(Challenge elem, Int64 id) in C:\Users\bmcmi\source\repos\mpp-proiect-csharp-bucilamihai\ChildrenContest\repository\database\ChallengeDBRepository.cs:line 149
2024-03-18 20:49:39,813 [1] INFO ChildrenContest.repository.database.ChallengeDBRepository - finding all challenges
2024-03-18 20:49:39,814 [1] INFO ChildrenContest.repository.database.ChallengeDBRepository - 4 challenges found
2024-03-18 20:50:25,177 [1] INFO ChildrenContest.Program - Hello logging world!
2024-03-18 20:50:26,352 [1] INFO ChildrenContest.repository.database.ChallengeDBRepository - finding all challenges
2024-03-18 20:50:26,379 [1] INFO ChildrenContest.repository.database.ChallengeDBRepository - 4 challenges found
2024-03-18 20:50:26,380 [1] INFO ChildrenContest.repository.database.ChallengeDBRepository - finding challenge by id 2
2024-03-18 20:50:26,389 [1] INFO ChildrenContest.repository.database.ChallengeDBRepository - challenge with id 2 found
2024-03-18 20:50:26,389 [1] INFO ChildrenContest.repository.database.ChallengeDBRepository - finding challenge by id 2
2024-03-18 20:50:26,389 [1] INFO ChildrenContest.repository.database.ChallengeDBRepository - challenge with id 2 found
2024-03-18 20:50:26,390 [1] INFO ChildrenContest.repository.database.ChallengeDBRepository - deleting challenge ChildrenContest.domain.Challenge 
2024-03-18 20:50:26,393 [1] ERROR ChildrenContest.repository.database.ChallengeDBRepository - code = Error (1), message = System.Data.SQLite.SQLiteException (0x87AF001F): SQL logic error
near "challenge": syntax error
   at System.Data.SQLite.SQLite3.Prepare(SQLiteConnection cnn, SQLiteCommand command, String strSql, SQLiteStatement previous, UInt32 timeoutMS, String& strRemain)
   at System.Data.SQLite.SQLiteCommand.BuildNextCommand()
   at System.Data.SQLite.SQLiteCommand.GetStatement(Int32 index)
   at System.Data.SQLite.SQLiteDataReader.NextResult()
   at System.Data.SQLite.SQLiteDataReader..ctor(SQLiteCommand cmd, CommandBehavior behave)
   at System.Data.SQLite.SQLiteCommand.ExecuteReader(CommandBehavior behavior)
   at System.Data.SQLite.SQLiteCommand.ExecuteNonQuery(CommandBehavior behavior)
   at System.Data.SQLite.SQLiteCommand.ExecuteNonQuery()
   at ChildrenContest.repository.database.ChallengeDBRepository.Delete(Challenge elem) in C:\Users\bmcmi\source\repos\mpp-proiect-csharp-bucilamihai\ChildrenContest\repository\database\ChallengeDBRepository.cs:line 55
2024-03-18 20:50:26,415 [1] INFO ChildrenContest.repository.database.ChallengeDBRepository - finding all challenges
2024-03-18 20:50:26,416 [1] INFO ChildrenContest.repository.database.ChallengeDBRepository - 4 challenges found
2024-03-18 20:50:26,417 [1] INFO ChildrenContest.repository.database.ChallengeDBRepository - updating challenge ChildrenContest.domain.Challenge 
2024-03-18 20:50:26,417 [1] ERROR ChildrenContest.repository.database.ChallengeDBRepository - code = Error (1), message = System.Data.SQLite.SQLiteException (0x87AF001F): SQL logic error
no such table: challenge
   at System.Data.SQLite.SQLite3.Prepare(SQLiteConnection cnn, SQLiteCommand command, String strSql, SQLiteStatement previous, UInt32 timeoutMS, String& strRemain)
   at System.Data.SQLite.SQLiteCommand.BuildNextCommand()
   at System.Data.SQLite.SQLiteCommand.GetStatement(Int32 index)
   at System.Data.SQLite.SQLiteDataReader.NextResult()
   at System.Data.SQLite.SQLiteDataReader..ctor(SQLiteCommand cmd, CommandBehavior behave)
   at System.Data.SQLite.SQLiteCommand.ExecuteReader(CommandBehavior behavior)
   at System.Data.SQLite.SQLiteCommand.ExecuteNonQuery(CommandBehavior behavior)
   at System.Data.SQLite.SQLiteCommand.ExecuteNonQuery()
   at ChildrenContest.repository.database.ChallengeDBRepository.Update(Challenge elem, Int64 id) in C:\Users\bmcmi\source\repos\mpp-proiect-csharp-bucilamihai\ChildrenContest\repository\database\ChallengeDBRepository.cs:line 149
2024-03-18 20:50:26,421 [1] INFO ChildrenContest.repository.database.ChallengeDBRepository - finding all challenges
2024-03-18 20:50:26,421 [1] INFO ChildrenContest.repository.database.ChallengeDBRepository - 4 challenges found
2024-03-18 20:50:57,222 [1] INFO ChildrenContest.Program - Hello logging world!
2024-03-18 20:50:59,735 [1] INFO ChildrenContest.repository.database.ChallengeDBRepository - finding all challenges
2024-03-18 20:50:59,754 [1] INFO ChildrenContest.repository.database.ChallengeDBRepository - 4 challenges found
2024-03-18 20:50:59,756 [1] INFO ChildrenContest.repository.database.ChallengeDBRepository - finding challenge by id 2
2024-03-18 20:50:59,762 [1] INFO ChildrenContest.repository.database.ChallengeDBRepository - challenge with id 2 found
2024-03-18 20:50:59,762 [1] INFO ChildrenContest.repository.database.ChallengeDBRepository - finding challenge by id 2
2024-03-18 20:50:59,763 [1] INFO ChildrenContest.repository.database.ChallengeDBRepository - challenge with id 2 found
2024-03-18 20:50:59,763 [1] INFO ChildrenContest.repository.database.ChallengeDBRepository - deleting challenge ChildrenContest.domain.Challenge 
2024-03-18 20:50:59,765 [1] ERROR ChildrenContest.repository.database.ChallengeDBRepository - code = Error (1), message = System.Data.SQLite.SQLiteException (0x87AF001F): SQL logic error
near "challenges": syntax error
   at System.Data.SQLite.SQLite3.Prepare(SQLiteConnection cnn, SQLiteCommand command, String strSql, SQLiteStatement previous, UInt32 timeoutMS, String& strRemain)
   at System.Data.SQLite.SQLiteCommand.BuildNextCommand()
   at System.Data.SQLite.SQLiteCommand.GetStatement(Int32 index)
   at System.Data.SQLite.SQLiteDataReader.NextResult()
   at System.Data.SQLite.SQLiteDataReader..ctor(SQLiteCommand cmd, CommandBehavior behave)
   at System.Data.SQLite.SQLiteCommand.ExecuteReader(CommandBehavior behavior)
   at System.Data.SQLite.SQLiteCommand.ExecuteNonQuery(CommandBehavior behavior)
   at System.Data.SQLite.SQLiteCommand.ExecuteNonQuery()
   at ChildrenContest.repository.database.ChallengeDBRepository.Delete(Challenge elem) in C:\Users\bmcmi\source\repos\mpp-proiect-csharp-bucilamihai\ChildrenContest\repository\database\ChallengeDBRepository.cs:line 55
2024-03-18 20:50:59,786 [1] INFO ChildrenContest.repository.database.ChallengeDBRepository - finding all challenges
2024-03-18 20:50:59,786 [1] INFO ChildrenContest.repository.database.ChallengeDBRepository - 4 challenges found
2024-03-18 20:50:59,787 [1] INFO ChildrenContest.repository.database.ChallengeDBRepository - updating challenge ChildrenContest.domain.Challenge 
2024-03-18 20:50:59,797 [1] INFO ChildrenContest.repository.database.ChallengeDBRepository - updated 1 instances
2024-03-18 20:50:59,797 [1] INFO ChildrenContest.repository.database.ChallengeDBRepository - finding all challenges
2024-03-18 20:50:59,797 [1] INFO ChildrenContest.repository.database.ChallengeDBRepository - 4 challenges found
2024-03-18 20:51:48,321 [1] INFO ChildrenContest.Program - Hello logging world!
2024-03-18 20:51:49,616 [1] INFO ChildrenContest.repository.database.ChallengeDBRepository - finding all challenges
2024-03-18 20:51:49,637 [1] INFO ChildrenContest.repository.database.ChallengeDBRepository - 4 challenges found
2024-03-18 20:51:49,639 [1] INFO ChildrenContest.repository.database.ChallengeDBRepository - finding challenge by id 2
2024-03-18 20:51:49,647 [1] INFO ChildrenContest.repository.database.ChallengeDBRepository - challenge with id 2 found
2024-03-18 20:51:49,648 [1] INFO ChildrenContest.repository.database.ChallengeDBRepository - finding challenge by id 2
2024-03-18 20:51:49,648 [1] INFO ChildrenContest.repository.database.ChallengeDBRepository - challenge with id 2 found
2024-03-18 20:51:49,649 [1] INFO ChildrenContest.repository.database.ChallengeDBRepository - deleting challenge ChildrenContest.domain.Challenge 
2024-03-18 20:51:49,655 [1] INFO ChildrenContest.repository.database.ChallengeDBRepository - deleted 1 instances
2024-03-18 20:51:49,655 [1] INFO ChildrenContest.repository.database.ChallengeDBRepository - finding all challenges
2024-03-18 20:51:49,656 [1] INFO ChildrenContest.repository.database.ChallengeDBRepository - 3 challenges found
2024-03-18 20:51:49,656 [1] INFO ChildrenContest.repository.database.ChallengeDBRepository - updating challenge ChildrenContest.domain.Challenge 
2024-03-18 20:51:49,659 [1] INFO ChildrenContest.repository.database.ChallengeDBRepository - updated 1 instances
2024-03-18 20:51:49,660 [1] INFO ChildrenContest.repository.database.ChallengeDBRepository - finding all challenges
2024-03-18 20:51:49,660 [1] INFO ChildrenContest.repository.database.ChallengeDBRepository - 3 challenges found
2024-03-18 20:52:07,241 [1] INFO ChildrenContest.Program - Hello logging world!
2024-03-18 20:52:07,711 [1] INFO ChildrenContest.repository.database.ChallengeDBRepository - finding all challenges
2024-03-18 20:52:07,735 [1] INFO ChildrenContest.repository.database.ChallengeDBRepository - 3 challenges found
2024-03-18 20:52:07,737 [1] INFO ChildrenContest.repository.database.ChallengeDBRepository - finding challenge by id 2
2024-03-18 20:52:07,744 [1] INFO ChildrenContest.repository.database.ChallengeDBRepository - challenge not found
2024-03-18 20:52:07,744 [1] INFO ChildrenContest.repository.database.ChallengeDBRepository - finding challenge by id 2
2024-03-18 20:52:07,744 [1] INFO ChildrenContest.repository.database.ChallengeDBRepository - challenge not found
2024-03-18 20:52:07,745 [1] INFO ChildrenContest.repository.database.ChallengeDBRepository - deleting challenge  
2024-03-18 20:52:07,751 [1] ERROR ChildrenContest.repository.database.ChallengeDBRepository - System.NullReferenceException: Object reference not set to an instance of an object.
   at ChildrenContest.repository.database.ChallengeDBRepository.Delete(Challenge elem) in C:\Users\bmcmi\source\repos\mpp-proiect-csharp-bucilamihai\ChildrenContest\repository\database\ChallengeDBRepository.cs:line 54
2024-03-18 20:52:07,767 [1] INFO ChildrenContest.repository.database.ChallengeDBRepository - finding all challenges
2024-03-18 20:52:07,767 [1] INFO ChildrenContest.repository.database.ChallengeDBRepository - 3 challenges found
2024-03-18 20:52:07,768 [1] INFO ChildrenContest.repository.database.ChallengeDBRepository - updating challenge ChildrenContest.domain.Challenge 
2024-03-18 20:52:07,770 [1] INFO ChildrenContest.repository.database.ChallengeDBRepository - updated 1 instances
2024-03-18 20:52:07,770 [1] INFO ChildrenContest.repository.database.ChallengeDBRepository - finding all challenges
2024-03-18 20:52:07,770 [1] INFO ChildrenContest.repository.database.ChallengeDBRepository - 3 challenges found
2024-03-18 20:52:24,719 [1] INFO ChildrenContest.Program - Hello logging world!
2024-03-18 20:52:26,134 [1] INFO ChildrenContest.repository.database.ChallengeDBRepository - finding all challenges
2024-03-18 20:52:26,155 [1] INFO ChildrenContest.repository.database.ChallengeDBRepository - 3 challenges found
2024-03-18 20:52:26,156 [1] INFO ChildrenContest.repository.database.ChallengeDBRepository - finding challenge by id 4
2024-03-18 20:52:26,162 [1] INFO ChildrenContest.repository.database.ChallengeDBRepository - challenge with id 4 found
2024-03-18 20:52:26,163 [1] INFO ChildrenContest.repository.database.ChallengeDBRepository - finding challenge by id 4
2024-03-18 20:52:26,163 [1] INFO ChildrenContest.repository.database.ChallengeDBRepository - challenge with id 4 found
2024-03-18 20:52:26,163 [1] INFO ChildrenContest.repository.database.ChallengeDBRepository - deleting challenge ChildrenContest.domain.Challenge 
2024-03-18 20:52:26,170 [1] INFO ChildrenContest.repository.database.ChallengeDBRepository - deleted 1 instances
2024-03-18 20:52:26,170 [1] INFO ChildrenContest.repository.database.ChallengeDBRepository - finding all challenges
2024-03-18 20:52:26,170 [1] INFO ChildrenContest.repository.database.ChallengeDBRepository - 2 challenges found
2024-03-18 20:52:26,171 [1] INFO ChildrenContest.repository.database.ChallengeDBRepository - updating challenge ChildrenContest.domain.Challenge 
2024-03-18 20:52:26,178 [1] INFO ChildrenContest.repository.database.ChallengeDBRepository - updated 1 instances
2024-03-18 20:52:26,178 [1] INFO ChildrenContest.repository.database.ChallengeDBRepository - finding all challenges
2024-03-18 20:52:26,178 [1] INFO ChildrenContest.repository.database.ChallengeDBRepository - 2 challenges found
2024-03-18 21:33:38,333 [1] INFO ChildrenContest.Program - Hello logging world!
2024-03-18 21:33:38,917 [1] INFO ChildrenContest.repository.database.ChallengeDBRepository - finding all challenges
2024-03-18 21:33:38,933 [1] INFO ChildrenContest.repository.database.ChallengeDBRepository - 2 challenges found
2024-03-18 21:33:38,933 [1] INFO ChildrenContest.repository.database.ChallengeDBRepository - finding challenge with id 4
2024-03-18 21:33:38,948 [1] INFO ChildrenContest.repository.database.ChallengeDBRepository - challenge not found
2024-03-18 21:33:38,948 [1] INFO ChildrenContest.repository.database.ChallengeDBRepository - finding challenge with id 4
2024-03-18 21:33:38,948 [1] INFO ChildrenContest.repository.database.ChallengeDBRepository - challenge not found
2024-03-18 21:33:38,948 [1] INFO ChildrenContest.repository.database.ChallengeDBRepository - deleting challenge  
2024-03-18 21:33:38,948 [1] ERROR ChildrenContest.repository.database.ChallengeDBRepository - System.NullReferenceException: Object reference not set to an instance of an object.
   at ChildrenContest.repository.database.ChallengeDBRepository.Delete(Challenge elem) in C:\Users\bmcmi\source\repos\mpp-proiect-csharp-bucilamihai\repository\database\ChallengeDBRepository.cs:line 53
2024-03-18 21:33:38,964 [1] INFO ChildrenContest.repository.database.ChallengeDBRepository - finding all challenges
2024-03-18 21:33:38,964 [1] INFO ChildrenContest.repository.database.ChallengeDBRepository - 2 challenges found
2024-03-18 21:33:38,964 [1] INFO ChildrenContest.repository.database.ChallengeDBRepository - updating challenge ChildrenContest.domain.Challenge 
2024-03-18 21:33:38,964 [1] INFO ChildrenContest.repository.database.ChallengeDBRepository - updated 1 instances
2024-03-18 21:33:38,964 [1] INFO ChildrenContest.repository.database.ChallengeDBRepository - finding all challenges
2024-03-18 21:33:38,964 [1] INFO ChildrenContest.repository.database.ChallengeDBRepository - 2 challenges found
